{
  "uid" : "f398fce7b799054d",
  "name" : "test_sub[int and float]",
  "fullName" : "test_calc.TestCalc#test_sub",
  "historyId" : "26de7a3764a29b32523819de5b0d48a9",
  "time" : {
    "start" : 1608050343967,
    "stop" : 1608050343968,
    "duration" : 1
  },
  "status" : "failed",
  "statusMessage" : "AssertionError: assert -0.6 == -0.5999999999999996\n  +-0.6\n  --0.5999999999999996",
  "statusTrace" : "self = <test_calc.TestCalc object at 0x00000281B606C880>, a = 6, b = 6.6, expect = -0.6\n\n    @allure.story(\"减法测试模块\")\n    @pytest.mark.parametrize(\"a,b,expect\",\n                             get_datas()[2],\n                             ids=get_datas()[1])\n    def test_sub(self,a,b,expect):\n>       assert expect == self.calc.sub(a,b)\nE       assert -0.6 == -0.5999999999999996\nE         +-0.6\nE         --0.5999999999999996\n\ntest_calc.py:42: AssertionError",
  "flaky" : false,
  "newFailed" : false,
  "beforeStages" : [ {
    "name" : "_Class__pytest_setup_method",
    "time" : {
      "start" : 1608050343967,
      "stop" : 1608050343967,
      "duration" : 0
    },
    "status" : "passed",
    "steps" : [ ],
    "attachments" : [ ],
    "parameters" : [ ],
    "hasContent" : false,
    "stepsCount" : 0,
    "shouldDisplayMessage" : false,
    "attachmentsCount" : 0
  }, {
    "name" : "_Class__pytest_setup_class",
    "time" : {
      "start" : 1608050343881,
      "stop" : 1608050343882,
      "duration" : 1
    },
    "status" : "passed",
    "steps" : [ ],
    "attachments" : [ ],
    "parameters" : [ ],
    "hasContent" : false,
    "stepsCount" : 0,
    "shouldDisplayMessage" : false,
    "attachmentsCount" : 0
  } ],
  "afterStages" : [ {
    "name" : "_Class__pytest_setup_method::0",
    "time" : {
      "start" : 1608050344102,
      "stop" : 1608050344102,
      "duration" : 0
    },
    "status" : "passed",
    "steps" : [ ],
    "attachments" : [ ],
    "parameters" : [ ],
    "hasContent" : false,
    "stepsCount" : 0,
    "shouldDisplayMessage" : false,
    "attachmentsCount" : 0
  }, {
    "name" : "_Class__pytest_setup_class::0",
    "time" : {
      "start" : 1608050344181,
      "stop" : 1608050344182,
      "duration" : 1
    },
    "status" : "passed",
    "steps" : [ ],
    "attachments" : [ ],
    "parameters" : [ ],
    "hasContent" : false,
    "stepsCount" : 0,
    "shouldDisplayMessage" : false,
    "attachmentsCount" : 0
  } ],
  "labels" : [ {
    "name" : "feature",
    "value" : "计算器计算模块"
  }, {
    "name" : "story",
    "value" : "减法测试模块"
  }, {
    "name" : "suite",
    "value" : "test_calc"
  }, {
    "name" : "subSuite",
    "value" : "TestCalc"
  }, {
    "name" : "host",
    "value" : "DESKTOP-FR3EKSS"
  }, {
    "name" : "thread",
    "value" : "18832-MainThread"
  }, {
    "name" : "framework",
    "value" : "pytest"
  }, {
    "name" : "language",
    "value" : "cpython3"
  }, {
    "name" : "package",
    "value" : "test_calc"
  }, {
    "name" : "resultFormat",
    "value" : "allure2"
  } ],
  "parameters" : [ {
    "name" : "a",
    "value" : "6"
  }, {
    "name" : "b",
    "value" : "6.6"
  }, {
    "name" : "expect",
    "value" : "-0.6"
  } ],
  "links" : [ ],
  "hidden" : false,
  "retry" : false,
  "extra" : {
    "severity" : "normal",
    "retries" : [ {
      "uid" : "158a5bca8d15f708",
      "status" : "failed",
      "statusDetails" : "AssertionError: assert -0.6 == -0.5999999999999996\n  +-0.6\n  --0.5999999999999996",
      "time" : {
        "start" : 1608049481914,
        "stop" : 1608049481914,
        "duration" : 0
      }
    } ],
    "categories" : [ {
      "name" : "Product defects",
      "matchedStatuses" : [ ],
      "flaky" : false
    } ],
    "tags" : [ ]
  },
  "source" : "f398fce7b799054d.json",
  "parameterValues" : [ "6", "6.6", "-0.6" ]
}